-------------------------------------------
Batch: 0
-------------------------------------------
+-----------+--------------+------------------+
|InvoiceDate|       Country|    avg(UnitPrice)|
+-----------+--------------+------------------+
| 2010-12-01|        Norway|  1.14955223880597|
| 2010-12-01|          EIRE|1.3322222222222222|
| 2010-12-01|     Australia|              1.25|
| 2010-12-01|   Netherlands|              1.85|
| 2010-12-01|       Germany|1.3688888888888888|
| 2010-12-01|United Kingdom|1.6730661322645302|
| 2010-12-01|        France|1.9626315789473683|
+-----------+--------------+------------------+

-------------------------------------------
Batch: 0
-------------------------------------------
+--------------+-----+
|       Country|count|
+--------------+-----+
|       Germany|   29|
|        France|   20|
|          EIRE|   21|
|        Norway|   73|
|       Country|    1|
|     Australia|   14|
|United Kingdom| 2949|
|   Netherlands|    2|
+--------------+-----+

-------------------------------------------
Batch: 1
-------------------------------------------
+-----------+--------------+------------------+
|InvoiceDate|       Country|    avg(UnitPrice)|
+-----------+--------------+------------------+
| 2010-12-05|         Japan|1.1036363636363635|
| 2010-12-01|        Norway|  1.14955223880597|
| 2010-12-01|          EIRE|1.3322222222222222|
| 2010-12-05|        France|0.9709523809523808|
| 2010-12-05|United Kingdom|1.5348226950354618|
| 2010-12-05|       Germany|1.2911594202898555|
| 2010-12-05|     Lithuania| 2.834137931034483|
| 2010-12-01|     Australia|              1.25|
| 2010-12-01|   Netherlands|              1.85|
| 2010-12-01|       Germany|1.3688888888888888|
| 2010-12-01|United Kingdom|1.6730661322645302|
| 2010-12-01|        France|1.9626315789473683|
+-----------+--------------+------------------+

-------------------------------------------
Batch: 1
-------------------------------------------
+--------------+-----+
|       Country|count|
+--------------+-----+
|       Germany|  148|
|        France|   83|
|          EIRE|   21|
|     Lithuania|   34|
|        Norway|   73|
|         Japan|   16|
|       Country|    2|
|     Australia|   14|
|United Kingdom| 5442|
|   Netherlands|    2|
+--------------+-----+

-------------------------------------------
Batch: 2
-------------------------------------------
+-----------+--------------+------------------+
|InvoiceDate|       Country|    avg(UnitPrice)|
+-----------+--------------+------------------+
| 2010-12-05|         Japan|1.1036363636363635|
| 2010-12-01|        Norway|  1.14955223880597|
| 2010-12-01|          EIRE|1.3322222222222222|
| 2010-12-05|        France|0.9709523809523808|
| 2010-12-05|United Kingdom|1.5348226950354618|
| 2010-12-05|       Germany|1.2911594202898555|
| 2010-12-05|     Lithuania| 2.834137931034483|
| 2010-12-01|     Australia|              1.25|
| 2010-12-01|   Netherlands|              1.85|
| 2010-12-02|United Kingdom|1.4643593519882168|
| 2010-12-01|       Germany|1.3688888888888888|
| 2010-12-01|United Kingdom|1.6730661322645302|
| 2010-12-02|       Germany|0.8749999999999999|
| 2010-12-01|        France|1.9626315789473683|
+-----------+--------------+------------------+

-------------------------------------------
Batch: 2
-------------------------------------------
+--------------+-----+
|       Country|count|
+--------------+-----+
|       Germany|  160|
|        France|   83|
|          EIRE|   24|
|     Lithuania|   34|
|        Norway|   73|
|         Japan|   16|
|       Country|    3|
|     Australia|   14|
|United Kingdom| 7536|
|   Netherlands|    2|
+--------------+-----+

-------------------------------------------
Batch: 3
-------------------------------------------
+-----------+--------------+------------------+
|InvoiceDate|       Country|    avg(UnitPrice)|
+-----------+--------------+------------------+
| 2011-01-18|          EIRE|1.6328571428571428|
| 2010-12-05|         Japan|1.1036363636363635|
| 2011-01-18|      Portugal|2.9494285714285717|
| 2011-01-18|         Spain|2.0961538461538463|
| 2010-12-01|        Norway|  1.14955223880597|
| 2010-12-01|          EIRE|1.3322222222222222|
| 2010-12-05|        France|0.9709523809523808|
| 2011-01-18|       Germany|0.6966666666666667|
| 2010-12-05|United Kingdom|1.5348226950354618|
| 2010-12-05|       Germany|1.2911594202898555|
| 2010-12-05|     Lithuania| 2.834137931034483|
| 2010-12-01|     Australia|              1.25|
| 2010-12-01|   Netherlands|              1.85|
| 2010-12-02|United Kingdom|1.4643593519882168|
| 2010-12-01|       Germany|1.3688888888888888|
| 2010-12-01|United Kingdom|1.6730661322645302|
| 2011-01-18|United Kingdom|1.3385156249999999|
| 2010-12-02|       Germany|0.8749999999999999|
| 2010-12-01|        France|1.9626315789473683|
+-----------+--------------+------------------+

-------------------------------------------
Batch: 3
-------------------------------------------
+--------------+-----+
|       Country|count|
+--------------+-----+
|       Germany|  170|
|        France|   83|
|          EIRE|   34|
|     Lithuania|   34|
|        Norway|   73|
|         Spain|   29|
|         Japan|   16|
|       Country|    4|
|      Portugal|   36|
|     Australia|   14|
|United Kingdom| 8898|
|   Netherlands|    2|
+--------------+-----+

-------------------------------------------
Batch: 4
-------------------------------------------
+-----------+--------------+------------------+
|InvoiceDate|       Country|    avg(UnitPrice)|
+-----------+--------------+------------------+
| 2011-01-18|          EIRE|1.6328571428571428|
| 2010-12-05|         Japan|1.1036363636363635|
| 2011-01-18|      Portugal|2.9494285714285717|
| 2011-01-19|       Germany|              1.25|
| 2011-01-18|         Spain|2.0961538461538463|
| 2011-01-19|        France| 1.597777777777778|
| 2010-12-01|        Norway|  1.14955223880597|
| 2010-12-01|          EIRE|1.3322222222222222|
| 2010-12-05|        France|0.9709523809523808|
| 2011-01-18|       Germany|0.6966666666666667|
| 2011-01-19|   Switzerland|1.1677528089887645|
| 2010-12-05|United Kingdom|1.5348226950354618|
| 2010-12-05|       Germany|1.2911594202898555|
| 2010-12-05|     Lithuania| 2.834137931034483|
| 2011-01-19|     Australia|              1.65|
| 2010-12-01|     Australia|              1.25|
| 2010-12-01|   Netherlands|              1.85|
| 2011-01-19|   Netherlands| 1.720606060606061|
| 2010-12-02|United Kingdom|1.4643593519882168|
| 2011-01-19|United Kingdom|1.0726943005181324|
+-----------+--------------+------------------+
only showing top 20 rows

-------------------------------------------
Batch: 4
-------------------------------------------
+--------------+-----+
|       Country|count|
+--------------+-----+
|       Germany|  173|
|        France|  114|
|       Belgium|    1|
|          EIRE|   34|
|     Lithuania|   34|
|        Norway|   73|
|         Spain|   52|
|   Switzerland|  126|
|         Japan|   16|
|       Country|    5|
|      Portugal|   36|
|     Australia|   27|
|United Kingdom|10084|
|   Netherlands|   35|
+--------------+-----+

-------------------------------------------
Batch: 5
-------------------------------------------
+-----------+--------------+------------------+
|InvoiceDate|       Country|    avg(UnitPrice)|
+-----------+--------------+------------------+
| 2011-01-20|          EIRE|2.7700000000000005|
| 2011-01-18|          EIRE|1.6328571428571428|
| 2010-12-05|         Japan|1.1036363636363635|
| 2011-01-18|      Portugal|2.9494285714285717|
| 2011-01-19|       Germany|              1.25|
| 2011-01-18|         Spain|2.0961538461538463|
| 2011-01-20|        France|1.3869696969696972|
| 2011-01-19|        France| 1.597777777777778|
| 2010-12-01|        Norway|  1.14955223880597|
| 2010-12-01|          EIRE|1.3322222222222222|
| 2010-12-05|        France|0.9709523809523808|
| 2011-01-19|   Switzerland|1.1677528089887645|
| 2011-01-18|       Germany|0.6966666666666667|
| 2010-12-05|United Kingdom|1.5348226950354618|
| 2010-12-05|       Germany|1.2911594202898555|
| 2011-01-19|     Australia|              1.65|
| 2010-12-05|     Lithuania| 2.834137931034483|
| 2010-12-01|     Australia|              1.25|
| 2010-12-01|   Netherlands|              1.85|
| 2011-01-20|United Kingdom|1.4102487562189039|
+-----------+--------------+------------------+
only showing top 20 rows

-------------------------------------------
Batch: 5
-------------------------------------------
+--------------+-----+
|       Country|count|
+--------------+-----+
|       Germany|  173|
|        France|  187|
|       Belgium|   12|
|          EIRE|   55|
|     Lithuania|   34|
|        Norway|   73|
|         Spain|   53|
|   Switzerland|  126|
|         Japan|   16|
|       Country|    6|
|      Portugal|   36|
|     Australia|   31|
|United Kingdom|11474|
|   Netherlands|   37|
+--------------+-----+

-------------------------------------------
Batch: 6
-------------------------------------------
+-----------+--------------+------------------+
|InvoiceDate|       Country|    avg(UnitPrice)|
+-----------+--------------+------------------+
| 2011-01-20|          EIRE|2.7700000000000005|
| 2011-01-18|          EIRE|1.6328571428571428|
| 2010-12-05|         Japan|1.1036363636363635|
| 2011-01-18|      Portugal|2.9494285714285717|
| 2011-01-19|       Germany|              1.25|
| 2011-01-18|         Spain|2.0961538461538463|
| 2011-01-20|        France|1.3869696969696972|
| 2011-01-19|        France| 1.597777777777778|
| 2010-12-01|        Norway|  1.14955223880597|
| 2011-01-21|         Italy|1.9214285714285713|
| 2010-12-01|          EIRE|1.3322222222222222|
| 2010-12-05|        France|0.9709523809523808|
| 2011-01-19|   Switzerland|1.1677528089887645|
| 2011-01-18|       Germany|0.6966666666666667|
| 2011-01-21|United Kingdom|1.9895769230769247|
| 2010-12-05|United Kingdom|1.5348226950354618|
| 2010-12-05|       Germany|1.2911594202898555|
| 2011-01-19|     Australia|              1.65|
| 2010-12-05|     Lithuania| 2.834137931034483|
| 2010-12-01|     Australia|              1.25|
+-----------+--------------+------------------+
only showing top 20 rows

-------------------------------------------
Batch: 6
-------------------------------------------
+--------------+-----+
|       Country|count|
+--------------+-----+
|       Germany|  179|
|        France|  190|
|       Belgium|   12|
|       Finland|    5|
|         Italy|   12|
|          EIRE|   55|
|     Lithuania|   34|
|        Norway|   73|
|         Spain|   53|
|   Switzerland|  126|
|         Japan|   16|
|       Country|    7|
|      Portugal|   36|
|     Australia|   31|
|United Kingdom|12936|
|   Netherlands|  143|
+--------------+-----+
